{"C:\\Users\\hamle\\OneDrive\\Escritorio\\Cloud\\Programacion\\Node Js\\api-red-social\\index.js": {"path":"C:\\Users\\hamle\\OneDrive\\Escritorio\\Cloud\\Programacion\\Node Js\\api-red-social\\index.js","statementMap":{"0":{"start":{"line":2,"column":23},"end":{"line":2,"column":55}},"1":{"start":{"line":3,"column":16},"end":{"line":3,"column":34}},"2":{"start":{"line":4,"column":13},"end":{"line":4,"column":28}},"3":{"start":{"line":7,"column":0},"end":{"line":7,"column":53}},"4":{"start":{"line":10,"column":0},"end":{"line":10,"column":13}},"5":{"start":{"line":13,"column":12},"end":{"line":13,"column":21}},"6":{"start":{"line":14,"column":13},"end":{"line":14,"column":17}},"7":{"start":{"line":17,"column":0},"end":{"line":17,"column":16}},"8":{"start":{"line":20,"column":0},"end":{"line":20,"column":24}},"9":{"start":{"line":21,"column":0},"end":{"line":21,"column":48}},"10":{"start":{"line":24,"column":20},"end":{"line":24,"column":45}},"11":{"start":{"line":25,"column":27},"end":{"line":25,"column":59}},"12":{"start":{"line":26,"column":22},"end":{"line":26,"column":49}},"13":{"start":{"line":28,"column":0},"end":{"line":28,"column":34}},"14":{"start":{"line":29,"column":0},"end":{"line":29,"column":48}},"15":{"start":{"line":30,"column":0},"end":{"line":30,"column":38}},"16":{"start":{"line":33,"column":0},"end":{"line":39,"column":3}},"17":{"start":{"line":34,"column":2},"end":{"line":38,"column":5}},"18":{"start":{"line":42,"column":0},"end":{"line":44,"column":3}},"19":{"start":{"line":46,"column":0},"end":{"line":46,"column":21}}},"fnMap":{"0":{"name":"(anonymous_0)","decl":{"start":{"line":33,"column":24},"end":{"line":33,"column":25}},"loc":{"start":{"line":33,"column":38},"end":{"line":39,"column":1}},"line":33},"1":{"name":"(anonymous_1)","decl":{"start":{"line":42,"column":17},"end":{"line":42,"column":18}},"loc":{"start":{"line":42,"column":23},"end":{"line":44,"column":1}},"line":42}},"branchMap":{},"s":{"0":1,"1":1,"2":1,"3":1,"4":1,"5":1,"6":1,"7":1,"8":1,"9":1,"10":1,"11":1,"12":1,"13":1,"14":1,"15":1,"16":1,"17":0,"18":1,"19":1},"f":{"0":0,"1":1},"b":{},"_coverageSchema":"1a1c01bbd47fc00a2c39e90264f33305004495a9","hash":"12baaa1380fcf655f3ef5959aac77637922d6caf"}
,"C:\\Users\\hamle\\OneDrive\\Escritorio\\Cloud\\Programacion\\Node Js\\api-red-social\\controllers\\follow.js": {"path":"C:\\Users\\hamle\\OneDrive\\Escritorio\\Cloud\\Programacion\\Node Js\\api-red-social\\controllers\\follow.js","statementMap":{"0":{"start":{"line":1,"column":15},"end":{"line":1,"column":42}},"1":{"start":{"line":2,"column":13},"end":{"line":2,"column":38}},"2":{"start":{"line":4,"column":28},"end":{"line":4,"column":58}},"3":{"start":{"line":6,"column":26},"end":{"line":6,"column":56}},"4":{"start":{"line":8,"column":19},"end":{"line":12,"column":1}},"5":{"start":{"line":9,"column":2},"end":{"line":11,"column":5}},"6":{"start":{"line":14,"column":13},"end":{"line":98,"column":1}},"7":{"start":{"line":16,"column":2},"end":{"line":97,"column":5}},"8":{"start":{"line":18,"column":19},"end":{"line":18,"column":27}},"9":{"start":{"line":21,"column":21},"end":{"line":21,"column":29}},"10":{"start":{"line":24,"column":4},"end":{"line":29,"column":5}},"11":{"start":{"line":25,"column":6},"end":{"line":28,"column":9}},"12":{"start":{"line":32,"column":4},"end":{"line":96,"column":9}},"13":{"start":{"line":34,"column":8},"end":{"line":39,"column":9}},"14":{"start":{"line":35,"column":10},"end":{"line":38,"column":13}},"15":{"start":{"line":42,"column":27},"end":{"line":45,"column":10}},"16":{"start":{"line":48,"column":8},"end":{"line":89,"column":13}},"17":{"start":{"line":51,"column":12},"end":{"line":56,"column":13}},"18":{"start":{"line":52,"column":14},"end":{"line":55,"column":17}},"19":{"start":{"line":59,"column":12},"end":{"line":82,"column":17}},"20":{"start":{"line":61,"column":16},"end":{"line":75,"column":19}},"21":{"start":{"line":78,"column":16},"end":{"line":81,"column":19}},"22":{"start":{"line":85,"column":12},"end":{"line":88,"column":15}},"23":{"start":{"line":92,"column":8},"end":{"line":95,"column":11}},"24":{"start":{"line":101,"column":17},"end":{"line":133,"column":1}},"25":{"start":{"line":102,"column":2},"end":{"line":132,"column":5}},"26":{"start":{"line":103,"column":19},"end":{"line":103,"column":30}},"27":{"start":{"line":105,"column":23},"end":{"line":105,"column":36}},"28":{"start":{"line":107,"column":4},"end":{"line":131,"column":9}},"29":{"start":{"line":113,"column":8},"end":{"line":118,"column":9}},"30":{"start":{"line":114,"column":10},"end":{"line":117,"column":13}},"31":{"start":{"line":119,"column":8},"end":{"line":124,"column":11}},"32":{"start":{"line":127,"column":8},"end":{"line":130,"column":11}},"33":{"start":{"line":137,"column":18},"end":{"line":166,"column":1}},"34":{"start":{"line":138,"column":2},"end":{"line":165,"column":5}},"35":{"start":{"line":140,"column":17},"end":{"line":140,"column":28}},"36":{"start":{"line":143,"column":4},"end":{"line":143,"column":46}},"37":{"start":{"line":143,"column":23},"end":{"line":143,"column":46}},"38":{"start":{"line":146,"column":15},"end":{"line":146,"column":16}},"39":{"start":{"line":148,"column":4},"end":{"line":148,"column":48}},"40":{"start":{"line":148,"column":25},"end":{"line":148,"column":48}},"41":{"start":{"line":151,"column":24},"end":{"line":151,"column":25}},"42":{"start":{"line":154,"column":4},"end":{"line":164,"column":9}},"43":{"start":{"line":159,"column":8},"end":{"line":163,"column":11}},"44":{"start":{"line":168,"column":18},"end":{"line":173,"column":1}},"45":{"start":{"line":169,"column":2},"end":{"line":172,"column":5}},"46":{"start":{"line":177,"column":0},"end":{"line":183,"column":2}}},"fnMap":{"0":{"name":"(anonymous_0)","decl":{"start":{"line":8,"column":19},"end":{"line":8,"column":20}},"loc":{"start":{"line":8,"column":33},"end":{"line":12,"column":1}},"line":8},"1":{"name":"(anonymous_1)","decl":{"start":{"line":14,"column":13},"end":{"line":14,"column":14}},"loc":{"start":{"line":14,"column":27},"end":{"line":98,"column":1}},"line":14},"2":{"name":"(anonymous_2)","decl":{"start":{"line":16,"column":44},"end":{"line":16,"column":45}},"loc":{"start":{"line":16,"column":54},"end":{"line":97,"column":3}},"line":16},"3":{"name":"(anonymous_3)","decl":{"start":{"line":33,"column":12},"end":{"line":33,"column":13}},"loc":{"start":{"line":33,"column":32},"end":{"line":90,"column":7}},"line":33},"4":{"name":"(anonymous_4)","decl":{"start":{"line":50,"column":16},"end":{"line":50,"column":17}},"loc":{"start":{"line":50,"column":34},"end":{"line":83,"column":11}},"line":50},"5":{"name":"(anonymous_5)","decl":{"start":{"line":60,"column":20},"end":{"line":60,"column":21}},"loc":{"start":{"line":60,"column":38},"end":{"line":76,"column":15}},"line":60},"6":{"name":"(anonymous_6)","decl":{"start":{"line":77,"column":21},"end":{"line":77,"column":22}},"loc":{"start":{"line":77,"column":32},"end":{"line":82,"column":15}},"line":77},"7":{"name":"(anonymous_7)","decl":{"start":{"line":84,"column":17},"end":{"line":84,"column":18}},"loc":{"start":{"line":84,"column":28},"end":{"line":89,"column":11}},"line":84},"8":{"name":"(anonymous_8)","decl":{"start":{"line":91,"column":13},"end":{"line":91,"column":14}},"loc":{"start":{"line":91,"column":24},"end":{"line":96,"column":7}},"line":91},"9":{"name":"(anonymous_9)","decl":{"start":{"line":101,"column":17},"end":{"line":101,"column":18}},"loc":{"start":{"line":101,"column":31},"end":{"line":133,"column":1}},"line":101},"10":{"name":"(anonymous_10)","decl":{"start":{"line":102,"column":44},"end":{"line":102,"column":45}},"loc":{"start":{"line":102,"column":54},"end":{"line":132,"column":3}},"line":102},"11":{"name":"(anonymous_11)","decl":{"start":{"line":112,"column":12},"end":{"line":112,"column":13}},"loc":{"start":{"line":112,"column":30},"end":{"line":125,"column":7}},"line":112},"12":{"name":"(anonymous_12)","decl":{"start":{"line":126,"column":13},"end":{"line":126,"column":14}},"loc":{"start":{"line":126,"column":24},"end":{"line":131,"column":7}},"line":126},"13":{"name":"(anonymous_13)","decl":{"start":{"line":137,"column":18},"end":{"line":137,"column":19}},"loc":{"start":{"line":137,"column":32},"end":{"line":166,"column":1}},"line":137},"14":{"name":"(anonymous_14)","decl":{"start":{"line":138,"column":44},"end":{"line":138,"column":45}},"loc":{"start":{"line":138,"column":54},"end":{"line":165,"column":3}},"line":138},"15":{"name":"(anonymous_15)","decl":{"start":{"line":157,"column":12},"end":{"line":157,"column":13}},"loc":{"start":{"line":157,"column":25},"end":{"line":164,"column":7}},"line":157},"16":{"name":"(anonymous_16)","decl":{"start":{"line":168,"column":18},"end":{"line":168,"column":19}},"loc":{"start":{"line":168,"column":32},"end":{"line":173,"column":1}},"line":168}},"branchMap":{"0":{"loc":{"start":{"line":24,"column":4},"end":{"line":29,"column":5}},"type":"if","locations":[{"start":{"line":24,"column":4},"end":{"line":29,"column":5}},{"start":{},"end":{}}],"line":24},"1":{"loc":{"start":{"line":34,"column":8},"end":{"line":39,"column":9}},"type":"if","locations":[{"start":{"line":34,"column":8},"end":{"line":39,"column":9}},{"start":{},"end":{}}],"line":34},"2":{"loc":{"start":{"line":51,"column":12},"end":{"line":56,"column":13}},"type":"if","locations":[{"start":{"line":51,"column":12},"end":{"line":56,"column":13}},{"start":{},"end":{}}],"line":51},"3":{"loc":{"start":{"line":113,"column":8},"end":{"line":118,"column":9}},"type":"if","locations":[{"start":{"line":113,"column":8},"end":{"line":118,"column":9}},{"start":{},"end":{}}],"line":113},"4":{"loc":{"start":{"line":143,"column":4},"end":{"line":143,"column":46}},"type":"if","locations":[{"start":{"line":143,"column":4},"end":{"line":143,"column":46}},{"start":{},"end":{}}],"line":143},"5":{"loc":{"start":{"line":148,"column":4},"end":{"line":148,"column":48}},"type":"if","locations":[{"start":{"line":148,"column":4},"end":{"line":148,"column":48}},{"start":{},"end":{}}],"line":148}},"s":{"0":1,"1":1,"2":1,"3":1,"4":1,"5":0,"6":1,"7":0,"8":0,"9":0,"10":0,"11":0,"12":0,"13":0,"14":0,"15":0,"16":0,"17":0,"18":0,"19":0,"20":0,"21":0,"22":0,"23":0,"24":1,"25":0,"26":0,"27":0,"28":0,"29":0,"30":0,"31":0,"32":0,"33":1,"34":0,"35":0,"36":0,"37":0,"38":0,"39":0,"40":0,"41":0,"42":0,"43":0,"44":1,"45":0,"46":1},"f":{"0":0,"1":0,"2":0,"3":0,"4":0,"5":0,"6":0,"7":0,"8":0,"9":0,"10":0,"11":0,"12":0,"13":0,"14":0,"15":0,"16":0},"b":{"0":[0,0],"1":[0,0],"2":[0,0],"3":[0,0],"4":[0,0],"5":[0,0]},"_coverageSchema":"1a1c01bbd47fc00a2c39e90264f33305004495a9","hash":"a10ce342899b2d59f930598cd728db8c37aafe5f"}
,"C:\\Users\\hamle\\OneDrive\\Escritorio\\Cloud\\Programacion\\Node Js\\api-red-social\\controllers\\publication.js": {"path":"C:\\Users\\hamle\\OneDrive\\Escritorio\\Cloud\\Programacion\\Node Js\\api-red-social\\controllers\\publication.js","statementMap":{"0":{"start":{"line":1,"column":24},"end":{"line":5,"column":1}},"1":{"start":{"line":2,"column":2},"end":{"line":4,"column":5}},"2":{"start":{"line":7,"column":0},"end":{"line":9,"column":2}}},"fnMap":{"0":{"name":"(anonymous_0)","decl":{"start":{"line":1,"column":24},"end":{"line":1,"column":25}},"loc":{"start":{"line":1,"column":38},"end":{"line":5,"column":1}},"line":1}},"branchMap":{},"s":{"0":1,"1":0,"2":1},"f":{"0":0},"b":{},"_coverageSchema":"1a1c01bbd47fc00a2c39e90264f33305004495a9","hash":"c26de1e0aefdbc13947eabfae87e40d561d8df12"}
,"C:\\Users\\hamle\\OneDrive\\Escritorio\\Cloud\\Programacion\\Node Js\\api-red-social\\controllers\\user.js": {"path":"C:\\Users\\hamle\\OneDrive\\Escritorio\\Cloud\\Programacion\\Node Js\\api-red-social\\controllers\\user.js","statementMap":{"0":{"start":{"line":1,"column":15},"end":{"line":1,"column":32}},"1":{"start":{"line":2,"column":13},"end":{"line":2,"column":38}},"2":{"start":{"line":3,"column":12},"end":{"line":3,"column":38}},"3":{"start":{"line":4,"column":27},"end":{"line":4,"column":57}},"4":{"start":{"line":5,"column":11},"end":{"line":5,"column":24}},"5":{"start":{"line":6,"column":13},"end":{"line":6,"column":28}},"6":{"start":{"line":9,"column":20},"end":{"line":14,"column":1}},"7":{"start":{"line":10,"column":2},"end":{"line":13,"column":5}},"8":{"start":{"line":17,"column":18},"end":{"line":76,"column":1}},"9":{"start":{"line":19,"column":15},"end":{"line":19,"column":23}},"10":{"start":{"line":20,"column":13},"end":{"line":20,"column":38}},"11":{"start":{"line":21,"column":13},"end":{"line":21,"column":39}},"12":{"start":{"line":22,"column":2},"end":{"line":22,"column":20}},"13":{"start":{"line":23,"column":2},"end":{"line":23,"column":20}},"14":{"start":{"line":26,"column":2},"end":{"line":31,"column":3}},"15":{"start":{"line":27,"column":4},"end":{"line":30,"column":7}},"16":{"start":{"line":33,"column":2},"end":{"line":75,"column":3}},"17":{"start":{"line":35,"column":26},"end":{"line":37,"column":13}},"18":{"start":{"line":39,"column":4},"end":{"line":39,"column":31}},"19":{"start":{"line":41,"column":4},"end":{"line":46,"column":5}},"20":{"start":{"line":42,"column":6},"end":{"line":45,"column":9}},"21":{"start":{"line":50,"column":23},"end":{"line":50,"column":61}},"22":{"start":{"line":51,"column":4},"end":{"line":51,"column":35}},"23":{"start":{"line":56,"column":23},"end":{"line":56,"column":39}},"24":{"start":{"line":57,"column":22},"end":{"line":57,"column":47}},"25":{"start":{"line":58,"column":4},"end":{"line":63,"column":5}},"26":{"start":{"line":59,"column":6},"end":{"line":62,"column":9}},"27":{"start":{"line":65,"column":4},"end":{"line":69,"column":7}},"28":{"start":{"line":71,"column":4},"end":{"line":74,"column":7}},"29":{"start":{"line":78,"column":17},"end":{"line":132,"column":1}},"30":{"start":{"line":79,"column":15},"end":{"line":79,"column":23}},"31":{"start":{"line":81,"column":2},"end":{"line":86,"column":3}},"32":{"start":{"line":82,"column":4},"end":{"line":85,"column":7}},"33":{"start":{"line":88,"column":2},"end":{"line":93,"column":3}},"34":{"start":{"line":89,"column":4},"end":{"line":92,"column":7}},"35":{"start":{"line":95,"column":2},"end":{"line":131,"column":7}},"36":{"start":{"line":100,"column":6},"end":{"line":105,"column":7}},"37":{"start":{"line":101,"column":8},"end":{"line":104,"column":11}},"38":{"start":{"line":107,"column":16},"end":{"line":107,"column":54}},"39":{"start":{"line":108,"column":6},"end":{"line":108,"column":28}},"40":{"start":{"line":110,"column":25},"end":{"line":110,"column":41}},"41":{"start":{"line":112,"column":6},"end":{"line":124,"column":9}},"42":{"start":{"line":113,"column":8},"end":{"line":118,"column":9}},"43":{"start":{"line":114,"column":10},"end":{"line":117,"column":13}},"44":{"start":{"line":119,"column":8},"end":{"line":123,"column":11}},"45":{"start":{"line":127,"column":6},"end":{"line":130,"column":9}},"46":{"start":{"line":134,"column":14},"end":{"line":187,"column":1}},"47":{"start":{"line":136,"column":15},"end":{"line":136,"column":23}},"48":{"start":{"line":138,"column":2},"end":{"line":143,"column":3}},"49":{"start":{"line":139,"column":4},"end":{"line":142,"column":7}},"50":{"start":{"line":145,"column":2},"end":{"line":186,"column":3}},"51":{"start":{"line":147,"column":21},"end":{"line":149,"column":13}},"52":{"start":{"line":150,"column":4},"end":{"line":156,"column":5}},"53":{"start":{"line":151,"column":6},"end":{"line":155,"column":9}},"54":{"start":{"line":159,"column":16},"end":{"line":159,"column":70}},"55":{"start":{"line":161,"column":4},"end":{"line":166,"column":5}},"56":{"start":{"line":162,"column":6},"end":{"line":165,"column":9}},"57":{"start":{"line":169,"column":18},"end":{"line":169,"column":43}},"58":{"start":{"line":172,"column":4},"end":{"line":180,"column":7}},"59":{"start":{"line":182,"column":4},"end":{"line":185,"column":7}},"60":{"start":{"line":189,"column":16},"end":{"line":217,"column":1}},"61":{"start":{"line":191,"column":13},"end":{"line":191,"column":26}},"62":{"start":{"line":193,"column":2},"end":{"line":216,"column":3}},"63":{"start":{"line":195,"column":24},"end":{"line":197,"column":13}},"64":{"start":{"line":198,"column":4},"end":{"line":203,"column":5}},"65":{"start":{"line":199,"column":6},"end":{"line":202,"column":9}},"66":{"start":{"line":207,"column":4},"end":{"line":210,"column":7}},"67":{"start":{"line":212,"column":4},"end":{"line":215,"column":7}},"68":{"start":{"line":219,"column":13},"end":{"line":255,"column":1}},"69":{"start":{"line":221,"column":13},"end":{"line":221,"column":14}},"70":{"start":{"line":222,"column":2},"end":{"line":224,"column":3}},"71":{"start":{"line":223,"column":4},"end":{"line":223,"column":27}},"72":{"start":{"line":225,"column":2},"end":{"line":225,"column":24}},"73":{"start":{"line":228,"column":21},"end":{"line":228,"column":22}},"74":{"start":{"line":230,"column":2},"end":{"line":254,"column":3}},"75":{"start":{"line":231,"column":21},"end":{"line":231,"column":79}},"76":{"start":{"line":232,"column":18},"end":{"line":232,"column":54}},"77":{"start":{"line":233,"column":4},"end":{"line":238,"column":5}},"78":{"start":{"line":234,"column":6},"end":{"line":237,"column":9}},"79":{"start":{"line":241,"column":4},"end":{"line":248,"column":7}},"80":{"start":{"line":250,"column":4},"end":{"line":253,"column":7}},"81":{"start":{"line":257,"column":15},"end":{"line":314,"column":1}},"82":{"start":{"line":259,"column":21},"end":{"line":259,"column":29}},"83":{"start":{"line":260,"column":19},"end":{"line":260,"column":27}},"84":{"start":{"line":263,"column":2},"end":{"line":263,"column":24}},"85":{"start":{"line":264,"column":2},"end":{"line":264,"column":24}},"86":{"start":{"line":265,"column":2},"end":{"line":265,"column":25}},"87":{"start":{"line":269,"column":2},"end":{"line":313,"column":7}},"88":{"start":{"line":274,"column":22},"end":{"line":274,"column":27}},"89":{"start":{"line":275,"column":6},"end":{"line":277,"column":9}},"90":{"start":{"line":276,"column":8},"end":{"line":276,"column":68}},"91":{"start":{"line":276,"column":51},"end":{"line":276,"column":68}},"92":{"start":{"line":279,"column":6},"end":{"line":284,"column":7}},"93":{"start":{"line":280,"column":8},"end":{"line":283,"column":11}},"94":{"start":{"line":286,"column":6},"end":{"line":289,"column":7}},"95":{"start":{"line":287,"column":18},"end":{"line":287,"column":60}},"96":{"start":{"line":288,"column":8},"end":{"line":288,"column":34}},"97":{"start":{"line":292,"column":6},"end":{"line":312,"column":11}},"98":{"start":{"line":294,"column":10},"end":{"line":299,"column":11}},"99":{"start":{"line":295,"column":12},"end":{"line":298,"column":15}},"100":{"start":{"line":300,"column":10},"end":{"line":304,"column":13}},"101":{"start":{"line":307,"column":10},"end":{"line":311,"column":13}},"102":{"start":{"line":316,"column":15},"end":{"line":376,"column":1}},"103":{"start":{"line":318,"column":2},"end":{"line":323,"column":3}},"104":{"start":{"line":319,"column":4},"end":{"line":322,"column":7}},"105":{"start":{"line":326,"column":14},"end":{"line":326,"column":35}},"106":{"start":{"line":329,"column":21},"end":{"line":329,"column":37}},"107":{"start":{"line":330,"column":20},"end":{"line":330,"column":33}},"108":{"start":{"line":334,"column":2},"end":{"line":348,"column":3}},"109":{"start":{"line":341,"column":21},"end":{"line":341,"column":34}},"110":{"start":{"line":342,"column":23},"end":{"line":342,"column":46}},"111":{"start":{"line":344,"column":4},"end":{"line":347,"column":7}},"112":{"start":{"line":351,"column":2},"end":{"line":375,"column":7}},"113":{"start":{"line":358,"column":6},"end":{"line":363,"column":7}},"114":{"start":{"line":359,"column":8},"end":{"line":362,"column":11}},"115":{"start":{"line":364,"column":6},"end":{"line":368,"column":9}},"116":{"start":{"line":371,"column":6},"end":{"line":374,"column":9}},"117":{"start":{"line":378,"column":15},"end":{"line":396,"column":1}},"118":{"start":{"line":380,"column":15},"end":{"line":380,"column":30}},"119":{"start":{"line":383,"column":19},"end":{"line":383,"column":48}},"120":{"start":{"line":386,"column":2},"end":{"line":395,"column":5}},"121":{"start":{"line":387,"column":4},"end":{"line":392,"column":5}},"122":{"start":{"line":388,"column":6},"end":{"line":391,"column":9}},"123":{"start":{"line":394,"column":4},"end":{"line":394,"column":48}},"124":{"start":{"line":397,"column":0},"end":{"line":406,"column":2}}},"fnMap":{"0":{"name":"(anonymous_0)","decl":{"start":{"line":9,"column":20},"end":{"line":9,"column":21}},"loc":{"start":{"line":9,"column":34},"end":{"line":14,"column":1}},"line":9},"1":{"name":"(anonymous_1)","decl":{"start":{"line":17,"column":18},"end":{"line":17,"column":19}},"loc":{"start":{"line":17,"column":38},"end":{"line":76,"column":1}},"line":17},"2":{"name":"(anonymous_2)","decl":{"start":{"line":78,"column":17},"end":{"line":78,"column":18}},"loc":{"start":{"line":78,"column":31},"end":{"line":132,"column":1}},"line":78},"3":{"name":"(anonymous_3)","decl":{"start":{"line":99,"column":10},"end":{"line":99,"column":11}},"loc":{"start":{"line":99,"column":27},"end":{"line":125,"column":5}},"line":99},"4":{"name":"(anonymous_4)","decl":{"start":{"line":112,"column":31},"end":{"line":112,"column":32}},"loc":{"start":{"line":112,"column":47},"end":{"line":124,"column":7}},"line":112},"5":{"name":"(anonymous_5)","decl":{"start":{"line":126,"column":11},"end":{"line":126,"column":12}},"loc":{"start":{"line":126,"column":22},"end":{"line":131,"column":5}},"line":126},"6":{"name":"(anonymous_6)","decl":{"start":{"line":134,"column":14},"end":{"line":134,"column":15}},"loc":{"start":{"line":134,"column":34},"end":{"line":187,"column":1}},"line":134},"7":{"name":"(anonymous_7)","decl":{"start":{"line":189,"column":16},"end":{"line":189,"column":17}},"loc":{"start":{"line":189,"column":36},"end":{"line":217,"column":1}},"line":189},"8":{"name":"(anonymous_8)","decl":{"start":{"line":219,"column":13},"end":{"line":219,"column":14}},"loc":{"start":{"line":219,"column":33},"end":{"line":255,"column":1}},"line":219},"9":{"name":"(anonymous_9)","decl":{"start":{"line":257,"column":15},"end":{"line":257,"column":16}},"loc":{"start":{"line":257,"column":29},"end":{"line":314,"column":1}},"line":257},"10":{"name":"(anonymous_10)","decl":{"start":{"line":273,"column":10},"end":{"line":273,"column":11}},"loc":{"start":{"line":273,"column":27},"end":{"line":313,"column":5}},"line":273},"11":{"name":"(anonymous_11)","decl":{"start":{"line":275,"column":20},"end":{"line":275,"column":21}},"loc":{"start":{"line":275,"column":31},"end":{"line":277,"column":7}},"line":275},"12":{"name":"(anonymous_12)","decl":{"start":{"line":293,"column":14},"end":{"line":293,"column":15}},"loc":{"start":{"line":293,"column":30},"end":{"line":305,"column":9}},"line":293},"13":{"name":"(anonymous_13)","decl":{"start":{"line":306,"column":15},"end":{"line":306,"column":16}},"loc":{"start":{"line":306,"column":26},"end":{"line":312,"column":9}},"line":306},"14":{"name":"(anonymous_14)","decl":{"start":{"line":316,"column":15},"end":{"line":316,"column":16}},"loc":{"start":{"line":316,"column":29},"end":{"line":376,"column":1}},"line":316},"15":{"name":"(anonymous_15)","decl":{"start":{"line":357,"column":10},"end":{"line":357,"column":11}},"loc":{"start":{"line":357,"column":26},"end":{"line":369,"column":5}},"line":357},"16":{"name":"(anonymous_16)","decl":{"start":{"line":370,"column":11},"end":{"line":370,"column":12}},"loc":{"start":{"line":370,"column":22},"end":{"line":375,"column":5}},"line":370},"17":{"name":"(anonymous_17)","decl":{"start":{"line":378,"column":15},"end":{"line":378,"column":16}},"loc":{"start":{"line":378,"column":29},"end":{"line":396,"column":1}},"line":378},"18":{"name":"(anonymous_18)","decl":{"start":{"line":386,"column":20},"end":{"line":386,"column":21}},"loc":{"start":{"line":386,"column":39},"end":{"line":395,"column":3}},"line":386}},"branchMap":{"0":{"loc":{"start":{"line":26,"column":2},"end":{"line":31,"column":3}},"type":"if","locations":[{"start":{"line":26,"column":2},"end":{"line":31,"column":3}},{"start":{},"end":{}}],"line":26},"1":{"loc":{"start":{"line":26,"column":6},"end":{"line":26,"column":71}},"type":"binary-expr","locations":[{"start":{"line":26,"column":6},"end":{"line":26,"column":18}},{"start":{"line":26,"column":22},"end":{"line":26,"column":35}},{"start":{"line":26,"column":39},"end":{"line":26,"column":55}},{"start":{"line":26,"column":59},"end":{"line":26,"column":71}}],"line":26},"2":{"loc":{"start":{"line":41,"column":4},"end":{"line":46,"column":5}},"type":"if","locations":[{"start":{"line":41,"column":4},"end":{"line":46,"column":5}},{"start":{},"end":{}}],"line":41},"3":{"loc":{"start":{"line":41,"column":8},"end":{"line":41,"column":50}},"type":"binary-expr","locations":[{"start":{"line":41,"column":8},"end":{"line":41,"column":21}},{"start":{"line":41,"column":25},"end":{"line":41,"column":50}}],"line":41},"4":{"loc":{"start":{"line":58,"column":4},"end":{"line":63,"column":5}},"type":"if","locations":[{"start":{"line":58,"column":4},"end":{"line":63,"column":5}},{"start":{},"end":{}}],"line":58},"5":{"loc":{"start":{"line":81,"column":2},"end":{"line":86,"column":3}},"type":"if","locations":[{"start":{"line":81,"column":2},"end":{"line":86,"column":3}},{"start":{},"end":{}}],"line":81},"6":{"loc":{"start":{"line":81,"column":6},"end":{"line":81,"column":71}},"type":"binary-expr","locations":[{"start":{"line":81,"column":6},"end":{"line":81,"column":18}},{"start":{"line":81,"column":22},"end":{"line":81,"column":35}},{"start":{"line":81,"column":39},"end":{"line":81,"column":55}},{"start":{"line":81,"column":59},"end":{"line":81,"column":71}}],"line":81},"7":{"loc":{"start":{"line":88,"column":2},"end":{"line":93,"column":3}},"type":"if","locations":[{"start":{"line":88,"column":2},"end":{"line":93,"column":3}},{"start":{},"end":{}}],"line":88},"8":{"loc":{"start":{"line":100,"column":6},"end":{"line":105,"column":7}},"type":"if","locations":[{"start":{"line":100,"column":6},"end":{"line":105,"column":7}},{"start":{},"end":{}}],"line":100},"9":{"loc":{"start":{"line":100,"column":10},"end":{"line":100,"column":36}},"type":"binary-expr","locations":[{"start":{"line":100,"column":10},"end":{"line":100,"column":15}},{"start":{"line":100,"column":19},"end":{"line":100,"column":36}}],"line":100},"10":{"loc":{"start":{"line":113,"column":8},"end":{"line":118,"column":9}},"type":"if","locations":[{"start":{"line":113,"column":8},"end":{"line":118,"column":9}},{"start":{},"end":{}}],"line":113},"11":{"loc":{"start":{"line":138,"column":2},"end":{"line":143,"column":3}},"type":"if","locations":[{"start":{"line":138,"column":2},"end":{"line":143,"column":3}},{"start":{},"end":{}}],"line":138},"12":{"loc":{"start":{"line":138,"column":6},"end":{"line":138,"column":39}},"type":"binary-expr","locations":[{"start":{"line":138,"column":6},"end":{"line":138,"column":19}},{"start":{"line":138,"column":23},"end":{"line":138,"column":39}}],"line":138},"13":{"loc":{"start":{"line":150,"column":4},"end":{"line":156,"column":5}},"type":"if","locations":[{"start":{"line":150,"column":4},"end":{"line":156,"column":5}},{"start":{},"end":{}}],"line":150},"14":{"loc":{"start":{"line":161,"column":4},"end":{"line":166,"column":5}},"type":"if","locations":[{"start":{"line":161,"column":4},"end":{"line":166,"column":5}},{"start":{},"end":{}}],"line":161},"15":{"loc":{"start":{"line":198,"column":4},"end":{"line":203,"column":5}},"type":"if","locations":[{"start":{"line":198,"column":4},"end":{"line":203,"column":5}},{"start":{},"end":{}}],"line":198},"16":{"loc":{"start":{"line":222,"column":2},"end":{"line":224,"column":3}},"type":"if","locations":[{"start":{"line":222,"column":2},"end":{"line":224,"column":3}},{"start":{},"end":{}}],"line":222},"17":{"loc":{"start":{"line":233,"column":4},"end":{"line":238,"column":5}},"type":"if","locations":[{"start":{"line":233,"column":4},"end":{"line":238,"column":5}},{"start":{},"end":{}}],"line":233},"18":{"loc":{"start":{"line":276,"column":8},"end":{"line":276,"column":68}},"type":"if","locations":[{"start":{"line":276,"column":8},"end":{"line":276,"column":68}},{"start":{},"end":{}}],"line":276},"19":{"loc":{"start":{"line":276,"column":12},"end":{"line":276,"column":49}},"type":"binary-expr","locations":[{"start":{"line":276,"column":12},"end":{"line":276,"column":17}},{"start":{"line":276,"column":21},"end":{"line":276,"column":49}}],"line":276},"20":{"loc":{"start":{"line":279,"column":6},"end":{"line":284,"column":7}},"type":"if","locations":[{"start":{"line":279,"column":6},"end":{"line":284,"column":7}},{"start":{},"end":{}}],"line":279},"21":{"loc":{"start":{"line":286,"column":6},"end":{"line":289,"column":7}},"type":"if","locations":[{"start":{"line":286,"column":6},"end":{"line":289,"column":7}},{"start":{},"end":{}}],"line":286},"22":{"loc":{"start":{"line":294,"column":10},"end":{"line":299,"column":11}},"type":"if","locations":[{"start":{"line":294,"column":10},"end":{"line":299,"column":11}},{"start":{},"end":{}}],"line":294},"23":{"loc":{"start":{"line":318,"column":2},"end":{"line":323,"column":3}},"type":"if","locations":[{"start":{"line":318,"column":2},"end":{"line":323,"column":3}},{"start":{},"end":{}}],"line":318},"24":{"loc":{"start":{"line":334,"column":2},"end":{"line":348,"column":3}},"type":"if","locations":[{"start":{"line":334,"column":2},"end":{"line":348,"column":3}},{"start":{},"end":{}}],"line":334},"25":{"loc":{"start":{"line":335,"column":4},"end":{"line":338,"column":22}},"type":"binary-expr","locations":[{"start":{"line":335,"column":4},"end":{"line":335,"column":22}},{"start":{"line":336,"column":4},"end":{"line":336,"column":22}},{"start":{"line":337,"column":4},"end":{"line":337,"column":23}},{"start":{"line":338,"column":4},"end":{"line":338,"column":22}}],"line":335},"26":{"loc":{"start":{"line":358,"column":6},"end":{"line":363,"column":7}},"type":"if","locations":[{"start":{"line":358,"column":6},"end":{"line":363,"column":7}},{"start":{},"end":{}}],"line":358},"27":{"loc":{"start":{"line":387,"column":4},"end":{"line":392,"column":5}},"type":"if","locations":[{"start":{"line":387,"column":4},"end":{"line":392,"column":5}},{"start":{},"end":{}}],"line":387}},"s":{"0":1,"1":1,"2":1,"3":1,"4":1,"5":1,"6":1,"7":0,"8":1,"9":0,"10":0,"11":0,"12":0,"13":0,"14":0,"15":0,"16":0,"17":0,"18":0,"19":0,"20":0,"21":0,"22":0,"23":0,"24":0,"25":0,"26":0,"27":0,"28":0,"29":1,"30":0,"31":0,"32":0,"33":0,"34":0,"35":0,"36":0,"37":0,"38":0,"39":0,"40":0,"41":0,"42":0,"43":0,"44":0,"45":0,"46":1,"47":1,"48":1,"49":0,"50":1,"51":1,"52":0,"53":0,"54":0,"55":0,"56":0,"57":0,"58":0,"59":0,"60":1,"61":0,"62":0,"63":0,"64":0,"65":0,"66":0,"67":0,"68":1,"69":0,"70":0,"71":0,"72":0,"73":0,"74":0,"75":0,"76":0,"77":0,"78":0,"79":0,"80":0,"81":1,"82":0,"83":0,"84":0,"85":0,"86":0,"87":0,"88":0,"89":0,"90":0,"91":0,"92":0,"93":0,"94":0,"95":0,"96":0,"97":0,"98":0,"99":0,"100":0,"101":0,"102":1,"103":0,"104":0,"105":0,"106":0,"107":0,"108":0,"109":0,"110":0,"111":0,"112":0,"113":0,"114":0,"115":0,"116":0,"117":1,"118":0,"119":0,"120":0,"121":0,"122":0,"123":0,"124":1},"f":{"0":0,"1":0,"2":0,"3":0,"4":0,"5":0,"6":1,"7":0,"8":0,"9":0,"10":0,"11":0,"12":0,"13":0,"14":0,"15":0,"16":0,"17":0,"18":0},"b":{"0":[0,0],"1":[0,0,0,0],"2":[0,0],"3":[0,0],"4":[0,0],"5":[0,0],"6":[0,0,0,0],"7":[0,0],"8":[0,0],"9":[0,0],"10":[0,0],"11":[0,1],"12":[1,1],"13":[0,0],"14":[0,0],"15":[0,0],"16":[0,0],"17":[0,0],"18":[0,0],"19":[0,0],"20":[0,0],"21":[0,0],"22":[0,0],"23":[0,0],"24":[0,0],"25":[0,0,0,0],"26":[0,0],"27":[0,0]},"_coverageSchema":"1a1c01bbd47fc00a2c39e90264f33305004495a9","hash":"5a04736adb4abc8889a24ae3edc2c8e6d1382539"}
,"C:\\Users\\hamle\\OneDrive\\Escritorio\\Cloud\\Programacion\\Node Js\\api-red-social\\database\\connection.js": {"path":"C:\\Users\\hamle\\OneDrive\\Escritorio\\Cloud\\Programacion\\Node Js\\api-red-social\\database\\connection.js","statementMap":{"0":{"start":{"line":1,"column":17},"end":{"line":1,"column":36}},"1":{"start":{"line":3,"column":19},"end":{"line":14,"column":1}},"2":{"start":{"line":4,"column":2},"end":{"line":13,"column":3}},"3":{"start":{"line":6,"column":4},"end":{"line":6,"column":73}},"4":{"start":{"line":7,"column":4},"end":{"line":7,"column":66}},"5":{"start":{"line":11,"column":4},"end":{"line":11,"column":23}},"6":{"start":{"line":12,"column":4},"end":{"line":12,"column":53}},"7":{"start":{"line":16,"column":0},"end":{"line":18,"column":1}}},"fnMap":{"0":{"name":"(anonymous_0)","decl":{"start":{"line":3,"column":19},"end":{"line":3,"column":20}},"loc":{"start":{"line":3,"column":31},"end":{"line":14,"column":1}},"line":3}},"branchMap":{},"s":{"0":1,"1":1,"2":1,"3":1,"4":0,"5":0,"6":0,"7":1},"f":{"0":1},"b":{},"_coverageSchema":"1a1c01bbd47fc00a2c39e90264f33305004495a9","hash":"a8ec10697f9ad4cae8b3de4012e39233de79fba1"}
,"C:\\Users\\hamle\\OneDrive\\Escritorio\\Cloud\\Programacion\\Node Js\\api-red-social\\helpers\\validate.js": {"path":"C:\\Users\\hamle\\OneDrive\\Escritorio\\Cloud\\Programacion\\Node Js\\api-red-social\\helpers\\validate.js","statementMap":{"0":{"start":{"line":1,"column":13},"end":{"line":1,"column":38}},"1":{"start":{"line":3,"column":24},"end":{"line":21,"column":1}},"2":{"start":{"line":4,"column":2},"end":{"line":20,"column":7}},"3":{"start":{"line":7,"column":6},"end":{"line":12,"column":7}},"4":{"start":{"line":8,"column":8},"end":{"line":11,"column":11}},"5":{"start":{"line":16,"column":6},"end":{"line":19,"column":9}},"6":{"start":{"line":23,"column":0},"end":{"line":25,"column":2}}},"fnMap":{"0":{"name":"(anonymous_0)","decl":{"start":{"line":3,"column":24},"end":{"line":3,"column":25}},"loc":{"start":{"line":3,"column":40},"end":{"line":21,"column":1}},"line":3},"1":{"name":"(anonymous_1)","decl":{"start":{"line":6,"column":10},"end":{"line":6,"column":11}},"loc":{"start":{"line":6,"column":20},"end":{"line":14,"column":5}},"line":6},"2":{"name":"(anonymous_2)","decl":{"start":{"line":15,"column":11},"end":{"line":15,"column":12}},"loc":{"start":{"line":15,"column":22},"end":{"line":20,"column":5}},"line":15}},"branchMap":{"0":{"loc":{"start":{"line":7,"column":6},"end":{"line":12,"column":7}},"type":"if","locations":[{"start":{"line":7,"column":6},"end":{"line":12,"column":7}},{"start":{},"end":{}}],"line":7}},"s":{"0":1,"1":1,"2":0,"3":0,"4":0,"5":0,"6":1},"f":{"0":0,"1":0,"2":0},"b":{"0":[0,0]},"_coverageSchema":"1a1c01bbd47fc00a2c39e90264f33305004495a9","hash":"0576cd763cf03d5fdb10e316dc93ef1620955279"}
,"C:\\Users\\hamle\\OneDrive\\Escritorio\\Cloud\\Programacion\\Node Js\\api-red-social\\middleware\\auth.js": {"path":"C:\\Users\\hamle\\OneDrive\\Escritorio\\Cloud\\Programacion\\Node Js\\api-red-social\\middleware\\auth.js","statementMap":{"0":{"start":{"line":2,"column":12},"end":{"line":2,"column":33}},"1":{"start":{"line":3,"column":15},"end":{"line":3,"column":32}},"2":{"start":{"line":6,"column":15},"end":{"line":6,"column":41}},"3":{"start":{"line":7,"column":15},"end":{"line":7,"column":28}},"4":{"start":{"line":10,"column":0},"end":{"line":46,"column":2}},"5":{"start":{"line":12,"column":2},"end":{"line":17,"column":3}},"6":{"start":{"line":13,"column":4},"end":{"line":16,"column":7}},"7":{"start":{"line":20,"column":14},"end":{"line":20,"column":61}},"8":{"start":{"line":23,"column":2},"end":{"line":42,"column":3}},"9":{"start":{"line":24,"column":18},"end":{"line":24,"column":43}},"10":{"start":{"line":27,"column":4},"end":{"line":27,"column":25}},"11":{"start":{"line":28,"column":4},"end":{"line":33,"column":5}},"12":{"start":{"line":29,"column":6},"end":{"line":32,"column":9}},"13":{"start":{"line":35,"column":4},"end":{"line":35,"column":23}},"14":{"start":{"line":37,"column":4},"end":{"line":41,"column":7}},"15":{"start":{"line":45,"column":2},"end":{"line":45,"column":9}}},"fnMap":{"0":{"name":"(anonymous_0)","decl":{"start":{"line":10,"column":15},"end":{"line":10,"column":16}},"loc":{"start":{"line":10,"column":35},"end":{"line":46,"column":1}},"line":10}},"branchMap":{"0":{"loc":{"start":{"line":12,"column":2},"end":{"line":17,"column":3}},"type":"if","locations":[{"start":{"line":12,"column":2},"end":{"line":17,"column":3}},{"start":{},"end":{}}],"line":12},"1":{"loc":{"start":{"line":28,"column":4},"end":{"line":33,"column":5}},"type":"if","locations":[{"start":{"line":28,"column":4},"end":{"line":33,"column":5}},{"start":{},"end":{}}],"line":28}},"s":{"0":1,"1":1,"2":1,"3":1,"4":1,"5":0,"6":0,"7":0,"8":0,"9":0,"10":0,"11":0,"12":0,"13":0,"14":0,"15":0},"f":{"0":0},"b":{"0":[0,0],"1":[0,0]},"_coverageSchema":"1a1c01bbd47fc00a2c39e90264f33305004495a9","hash":"0ba9f0b8305ed729b78fd852c6b8133bce0e6f62"}
,"C:\\Users\\hamle\\OneDrive\\Escritorio\\Cloud\\Programacion\\Node Js\\api-red-social\\models\\Follow.js": {"path":"C:\\Users\\hamle\\OneDrive\\Escritorio\\Cloud\\Programacion\\Node Js\\api-red-social\\models\\Follow.js","statementMap":{"0":{"start":{"line":1,"column":26},"end":{"line":1,"column":45}},"1":{"start":{"line":3,"column":21},"end":{"line":16,"column":2}},"2":{"start":{"line":18,"column":0},"end":{"line":18,"column":58}}},"fnMap":{},"branchMap":{},"s":{"0":1,"1":1,"2":1},"f":{},"b":{},"_coverageSchema":"1a1c01bbd47fc00a2c39e90264f33305004495a9","hash":"c889cac2764668ce7e5bdec8de420250fd5db016"}
,"C:\\Users\\hamle\\OneDrive\\Escritorio\\Cloud\\Programacion\\Node Js\\api-red-social\\models\\User.js": {"path":"C:\\Users\\hamle\\OneDrive\\Escritorio\\Cloud\\Programacion\\Node Js\\api-red-social\\models\\User.js","statementMap":{"0":{"start":{"line":1,"column":26},"end":{"line":1,"column":45}},"1":{"start":{"line":3,"column":19},"end":{"line":34,"column":2}},"2":{"start":{"line":36,"column":0},"end":{"line":36,"column":52}}},"fnMap":{},"branchMap":{},"s":{"0":1,"1":1,"2":1},"f":{},"b":{},"_coverageSchema":"1a1c01bbd47fc00a2c39e90264f33305004495a9","hash":"efcb2857a27a7b34f53eabbcfb3fad43b6bf914e"}
,"C:\\Users\\hamle\\OneDrive\\Escritorio\\Cloud\\Programacion\\Node Js\\api-red-social\\routers\\follow.js": {"path":"C:\\Users\\hamle\\OneDrive\\Escritorio\\Cloud\\Programacion\\Node Js\\api-red-social\\routers\\follow.js","statementMap":{"0":{"start":{"line":1,"column":16},"end":{"line":1,"column":34}},"1":{"start":{"line":2,"column":15},"end":{"line":2,"column":31}},"2":{"start":{"line":3,"column":25},"end":{"line":3,"column":57}},"3":{"start":{"line":4,"column":14},"end":{"line":4,"column":43}},"4":{"start":{"line":7,"column":0},"end":{"line":7,"column":56}},"5":{"start":{"line":8,"column":0},"end":{"line":8,"column":56}},"6":{"start":{"line":9,"column":0},"end":{"line":9,"column":70}},"7":{"start":{"line":10,"column":0},"end":{"line":10,"column":76}},"8":{"start":{"line":11,"column":0},"end":{"line":11,"column":76}},"9":{"start":{"line":12,"column":0},"end":{"line":12,"column":24}}},"fnMap":{},"branchMap":{},"s":{"0":1,"1":1,"2":1,"3":1,"4":1,"5":1,"6":1,"7":1,"8":1,"9":1},"f":{},"b":{},"_coverageSchema":"1a1c01bbd47fc00a2c39e90264f33305004495a9","hash":"6a890e73b8a0085ed5574eca0df02e55dc7a4b71"}
,"C:\\Users\\hamle\\OneDrive\\Escritorio\\Cloud\\Programacion\\Node Js\\api-red-social\\routers\\publication.js": {"path":"C:\\Users\\hamle\\OneDrive\\Escritorio\\Cloud\\Programacion\\Node Js\\api-red-social\\routers\\publication.js","statementMap":{"0":{"start":{"line":1,"column":16},"end":{"line":1,"column":34}},"1":{"start":{"line":2,"column":15},"end":{"line":2,"column":31}},"2":{"start":{"line":4,"column":30},"end":{"line":4,"column":67}},"3":{"start":{"line":7,"column":0},"end":{"line":7,"column":71}},"4":{"start":{"line":9,"column":0},"end":{"line":9,"column":24}}},"fnMap":{},"branchMap":{},"s":{"0":1,"1":1,"2":1,"3":1,"4":1},"f":{},"b":{},"_coverageSchema":"1a1c01bbd47fc00a2c39e90264f33305004495a9","hash":"bbd470d3aca8449c367d109e32543c041a248b56"}
,"C:\\Users\\hamle\\OneDrive\\Escritorio\\Cloud\\Programacion\\Node Js\\api-red-social\\routers\\user.js": {"path":"C:\\Users\\hamle\\OneDrive\\Escritorio\\Cloud\\Programacion\\Node Js\\api-red-social\\routers\\user.js","statementMap":{"0":{"start":{"line":1,"column":16},"end":{"line":1,"column":34}},"1":{"start":{"line":2,"column":15},"end":{"line":2,"column":31}},"2":{"start":{"line":3,"column":15},"end":{"line":3,"column":32}},"3":{"start":{"line":5,"column":23},"end":{"line":5,"column":53}},"4":{"start":{"line":6,"column":14},"end":{"line":6,"column":43}},"5":{"start":{"line":9,"column":16},"end":{"line":17,"column":2}},"6":{"start":{"line":11,"column":4},"end":{"line":11,"column":34}},"7":{"start":{"line":15,"column":4},"end":{"line":15,"column":63}},"8":{"start":{"line":19,"column":16},"end":{"line":19,"column":35}},"9":{"start":{"line":22,"column":0},"end":{"line":22,"column":65}},"10":{"start":{"line":23,"column":0},"end":{"line":23,"column":50}},"11":{"start":{"line":24,"column":0},"end":{"line":24,"column":44}},"12":{"start":{"line":25,"column":0},"end":{"line":25,"column":63}},"13":{"start":{"line":26,"column":0},"end":{"line":26,"column":60}},"14":{"start":{"line":27,"column":0},"end":{"line":27,"column":57}},"15":{"start":{"line":28,"column":0},"end":{"line":32,"column":2}},"16":{"start":{"line":33,"column":0},"end":{"line":33,"column":63}},"17":{"start":{"line":35,"column":0},"end":{"line":35,"column":24}}},"fnMap":{"0":{"name":"(anonymous_0)","decl":{"start":{"line":10,"column":15},"end":{"line":10,"column":16}},"loc":{"start":{"line":10,"column":34},"end":{"line":12,"column":3}},"line":10},"1":{"name":"(anonymous_1)","decl":{"start":{"line":14,"column":12},"end":{"line":14,"column":13}},"loc":{"start":{"line":14,"column":31},"end":{"line":16,"column":3}},"line":14}},"branchMap":{},"s":{"0":1,"1":1,"2":1,"3":1,"4":1,"5":1,"6":0,"7":0,"8":1,"9":1,"10":1,"11":1,"12":1,"13":1,"14":1,"15":1,"16":1,"17":1},"f":{"0":0,"1":0},"b":{},"_coverageSchema":"1a1c01bbd47fc00a2c39e90264f33305004495a9","hash":"d8f5cd94f91e1f2fdccd591bd8f40829336e0923"}
,"C:\\Users\\hamle\\OneDrive\\Escritorio\\Cloud\\Programacion\\Node Js\\api-red-social\\services\\jwt.js": {"path":"C:\\Users\\hamle\\OneDrive\\Escritorio\\Cloud\\Programacion\\Node Js\\api-red-social\\services\\jwt.js","statementMap":{"0":{"start":{"line":1,"column":12},"end":{"line":1,"column":33}},"1":{"start":{"line":2,"column":15},"end":{"line":2,"column":32}},"2":{"start":{"line":4,"column":15},"end":{"line":4,"column":59}},"3":{"start":{"line":6,"column":20},"end":{"line":21,"column":1}},"4":{"start":{"line":7,"column":18},"end":{"line":17,"column":3}},"5":{"start":{"line":20,"column":2},"end":{"line":20,"column":37}},"6":{"start":{"line":23,"column":0},"end":{"line":26,"column":2}}},"fnMap":{"0":{"name":"(anonymous_0)","decl":{"start":{"line":6,"column":20},"end":{"line":6,"column":21}},"loc":{"start":{"line":6,"column":30},"end":{"line":21,"column":1}},"line":6}},"branchMap":{},"s":{"0":1,"1":1,"2":1,"3":1,"4":0,"5":0,"6":1},"f":{"0":0},"b":{},"_coverageSchema":"1a1c01bbd47fc00a2c39e90264f33305004495a9","hash":"7e4651a82c0d96d717592e990857e21831e7cf7a"}
}
