TN:
SF:index.js
FN:33,(anonymous_0)
FN:42,(anonymous_1)
FNF:2
FNH:1
FNDA:0,(anonymous_0)
FNDA:1,(anonymous_1)
DA:2,1
DA:3,1
DA:4,1
DA:7,1
DA:10,1
DA:13,1
DA:14,1
DA:17,1
DA:20,1
DA:21,1
DA:24,1
DA:25,1
DA:26,1
DA:28,1
DA:29,1
DA:30,1
DA:33,1
DA:34,0
DA:42,1
DA:46,1
LF:20
LH:19
BRF:0
BRH:0
end_of_record
TN:
SF:controllers\follow.js
FN:8,(anonymous_0)
FN:14,(anonymous_1)
FN:16,(anonymous_2)
FN:33,(anonymous_3)
FN:50,(anonymous_4)
FN:60,(anonymous_5)
FN:77,(anonymous_6)
FN:84,(anonymous_7)
FN:91,(anonymous_8)
FN:101,(anonymous_9)
FN:102,(anonymous_10)
FN:112,(anonymous_11)
FN:126,(anonymous_12)
FN:137,(anonymous_13)
FN:138,(anonymous_14)
FN:157,(anonymous_15)
FN:168,(anonymous_16)
FNF:17
FNH:0
FNDA:0,(anonymous_0)
FNDA:0,(anonymous_1)
FNDA:0,(anonymous_2)
FNDA:0,(anonymous_3)
FNDA:0,(anonymous_4)
FNDA:0,(anonymous_5)
FNDA:0,(anonymous_6)
FNDA:0,(anonymous_7)
FNDA:0,(anonymous_8)
FNDA:0,(anonymous_9)
FNDA:0,(anonymous_10)
FNDA:0,(anonymous_11)
FNDA:0,(anonymous_12)
FNDA:0,(anonymous_13)
FNDA:0,(anonymous_14)
FNDA:0,(anonymous_15)
FNDA:0,(anonymous_16)
DA:1,1
DA:2,1
DA:4,1
DA:6,1
DA:8,1
DA:9,0
DA:14,1
DA:16,0
DA:18,0
DA:21,0
DA:24,0
DA:25,0
DA:32,0
DA:34,0
DA:35,0
DA:42,0
DA:48,0
DA:51,0
DA:52,0
DA:59,0
DA:61,0
DA:78,0
DA:85,0
DA:92,0
DA:101,1
DA:102,0
DA:103,0
DA:105,0
DA:107,0
DA:113,0
DA:114,0
DA:119,0
DA:127,0
DA:137,1
DA:138,0
DA:140,0
DA:143,0
DA:146,0
DA:148,0
DA:151,0
DA:154,0
DA:159,0
DA:168,1
DA:169,0
DA:177,1
LF:45
LH:10
BRDA:24,0,0,0
BRDA:24,0,1,0
BRDA:34,1,0,0
BRDA:34,1,1,0
BRDA:51,2,0,0
BRDA:51,2,1,0
BRDA:113,3,0,0
BRDA:113,3,1,0
BRDA:143,4,0,0
BRDA:143,4,1,0
BRDA:148,5,0,0
BRDA:148,5,1,0
BRF:12
BRH:0
end_of_record
TN:
SF:controllers\publication.js
FN:1,(anonymous_0)
FNF:1
FNH:0
FNDA:0,(anonymous_0)
DA:1,1
DA:2,0
DA:7,1
LF:3
LH:2
BRF:0
BRH:0
end_of_record
TN:
SF:controllers\user.js
FN:9,(anonymous_0)
FN:17,(anonymous_1)
FN:78,(anonymous_2)
FN:99,(anonymous_3)
FN:112,(anonymous_4)
FN:126,(anonymous_5)
FN:134,(anonymous_6)
FN:189,(anonymous_7)
FN:219,(anonymous_8)
FN:257,(anonymous_9)
FN:273,(anonymous_10)
FN:275,(anonymous_11)
FN:293,(anonymous_12)
FN:306,(anonymous_13)
FN:316,(anonymous_14)
FN:357,(anonymous_15)
FN:370,(anonymous_16)
FN:378,(anonymous_17)
FN:386,(anonymous_18)
FNF:19
FNH:1
FNDA:0,(anonymous_0)
FNDA:0,(anonymous_1)
FNDA:0,(anonymous_2)
FNDA:0,(anonymous_3)
FNDA:0,(anonymous_4)
FNDA:0,(anonymous_5)
FNDA:1,(anonymous_6)
FNDA:0,(anonymous_7)
FNDA:0,(anonymous_8)
FNDA:0,(anonymous_9)
FNDA:0,(anonymous_10)
FNDA:0,(anonymous_11)
FNDA:0,(anonymous_12)
FNDA:0,(anonymous_13)
FNDA:0,(anonymous_14)
FNDA:0,(anonymous_15)
FNDA:0,(anonymous_16)
FNDA:0,(anonymous_17)
FNDA:0,(anonymous_18)
DA:1,1
DA:2,1
DA:3,1
DA:4,1
DA:5,1
DA:6,1
DA:9,1
DA:10,0
DA:17,1
DA:19,0
DA:20,0
DA:21,0
DA:22,0
DA:23,0
DA:26,0
DA:27,0
DA:33,0
DA:35,0
DA:39,0
DA:41,0
DA:42,0
DA:50,0
DA:51,0
DA:56,0
DA:57,0
DA:58,0
DA:59,0
DA:65,0
DA:71,0
DA:78,1
DA:79,0
DA:81,0
DA:82,0
DA:88,0
DA:89,0
DA:95,0
DA:100,0
DA:101,0
DA:107,0
DA:108,0
DA:110,0
DA:112,0
DA:113,0
DA:114,0
DA:119,0
DA:127,0
DA:134,1
DA:136,1
DA:138,1
DA:139,0
DA:145,1
DA:147,1
DA:150,0
DA:151,0
DA:159,0
DA:161,0
DA:162,0
DA:169,0
DA:172,0
DA:182,0
DA:189,1
DA:191,0
DA:193,0
DA:195,0
DA:198,0
DA:199,0
DA:207,0
DA:212,0
DA:219,1
DA:221,0
DA:222,0
DA:223,0
DA:225,0
DA:228,0
DA:230,0
DA:231,0
DA:232,0
DA:233,0
DA:234,0
DA:241,0
DA:250,0
DA:257,1
DA:259,0
DA:260,0
DA:263,0
DA:264,0
DA:265,0
DA:269,0
DA:274,0
DA:275,0
DA:276,0
DA:279,0
DA:280,0
DA:286,0
DA:287,0
DA:288,0
DA:292,0
DA:294,0
DA:295,0
DA:300,0
DA:307,0
DA:316,1
DA:318,0
DA:319,0
DA:326,0
DA:329,0
DA:330,0
DA:334,0
DA:341,0
DA:342,0
DA:344,0
DA:351,0
DA:358,0
DA:359,0
DA:364,0
DA:371,0
DA:378,1
DA:380,0
DA:383,0
DA:386,0
DA:387,0
DA:388,0
DA:394,0
DA:397,1
LF:124
LH:20
BRDA:26,0,0,0
BRDA:26,0,1,0
BRDA:26,1,0,0
BRDA:26,1,1,0
BRDA:26,1,2,0
BRDA:26,1,3,0
BRDA:41,2,0,0
BRDA:41,2,1,0
BRDA:41,3,0,0
BRDA:41,3,1,0
BRDA:58,4,0,0
BRDA:58,4,1,0
BRDA:81,5,0,0
BRDA:81,5,1,0
BRDA:81,6,0,0
BRDA:81,6,1,0
BRDA:81,6,2,0
BRDA:81,6,3,0
BRDA:88,7,0,0
BRDA:88,7,1,0
BRDA:100,8,0,0
BRDA:100,8,1,0
BRDA:100,9,0,0
BRDA:100,9,1,0
BRDA:113,10,0,0
BRDA:113,10,1,0
BRDA:138,11,0,0
BRDA:138,11,1,1
BRDA:138,12,0,1
BRDA:138,12,1,1
BRDA:150,13,0,0
BRDA:150,13,1,0
BRDA:161,14,0,0
BRDA:161,14,1,0
BRDA:198,15,0,0
BRDA:198,15,1,0
BRDA:222,16,0,0
BRDA:222,16,1,0
BRDA:233,17,0,0
BRDA:233,17,1,0
BRDA:276,18,0,0
BRDA:276,18,1,0
BRDA:276,19,0,0
BRDA:276,19,1,0
BRDA:279,20,0,0
BRDA:279,20,1,0
BRDA:286,21,0,0
BRDA:286,21,1,0
BRDA:294,22,0,0
BRDA:294,22,1,0
BRDA:318,23,0,0
BRDA:318,23,1,0
BRDA:334,24,0,0
BRDA:334,24,1,0
BRDA:335,25,0,0
BRDA:335,25,1,0
BRDA:335,25,2,0
BRDA:335,25,3,0
BRDA:358,26,0,0
BRDA:358,26,1,0
BRDA:387,27,0,0
BRDA:387,27,1,0
BRF:62
BRH:3
end_of_record
TN:
SF:database\connection.js
FN:3,(anonymous_0)
FNF:1
FNH:1
FNDA:1,(anonymous_0)
DA:1,1
DA:3,1
DA:4,1
DA:6,1
DA:7,0
DA:11,0
DA:12,0
DA:16,1
LF:8
LH:5
BRF:0
BRH:0
end_of_record
TN:
SF:helpers\validate.js
FN:3,(anonymous_0)
FN:6,(anonymous_1)
FN:15,(anonymous_2)
FNF:3
FNH:0
FNDA:0,(anonymous_0)
FNDA:0,(anonymous_1)
FNDA:0,(anonymous_2)
DA:1,1
DA:3,1
DA:4,0
DA:7,0
DA:8,0
DA:16,0
DA:23,1
LF:7
LH:3
BRDA:7,0,0,0
BRDA:7,0,1,0
BRF:2
BRH:0
end_of_record
TN:
SF:middleware\auth.js
FN:10,(anonymous_0)
FNF:1
FNH:0
FNDA:0,(anonymous_0)
DA:2,1
DA:3,1
DA:6,1
DA:7,1
DA:10,1
DA:12,0
DA:13,0
DA:20,0
DA:23,0
DA:24,0
DA:27,0
DA:28,0
DA:29,0
DA:35,0
DA:37,0
DA:45,0
LF:16
LH:5
BRDA:12,0,0,0
BRDA:12,0,1,0
BRDA:28,1,0,0
BRDA:28,1,1,0
BRF:4
BRH:0
end_of_record
TN:
SF:models\Follow.js
FNF:0
FNH:0
DA:1,1
DA:3,1
DA:18,1
LF:3
LH:3
BRF:0
BRH:0
end_of_record
TN:
SF:models\User.js
FNF:0
FNH:0
DA:1,1
DA:3,1
DA:36,1
LF:3
LH:3
BRF:0
BRH:0
end_of_record
TN:
SF:routers\follow.js
FNF:0
FNH:0
DA:1,1
DA:2,1
DA:3,1
DA:4,1
DA:7,1
DA:8,1
DA:9,1
DA:10,1
DA:11,1
DA:12,1
LF:10
LH:10
BRF:0
BRH:0
end_of_record
TN:
SF:routers\publication.js
FNF:0
FNH:0
DA:1,1
DA:2,1
DA:4,1
DA:7,1
DA:9,1
LF:5
LH:5
BRF:0
BRH:0
end_of_record
TN:
SF:routers\user.js
FN:10,(anonymous_0)
FN:14,(anonymous_1)
FNF:2
FNH:0
FNDA:0,(anonymous_0)
FNDA:0,(anonymous_1)
DA:1,1
DA:2,1
DA:3,1
DA:5,1
DA:6,1
DA:9,1
DA:11,0
DA:15,0
DA:19,1
DA:22,1
DA:23,1
DA:24,1
DA:25,1
DA:26,1
DA:27,1
DA:28,1
DA:33,1
DA:35,1
LF:18
LH:16
BRF:0
BRH:0
end_of_record
TN:
SF:services\jwt.js
FN:6,(anonymous_0)
FNF:1
FNH:0
FNDA:0,(anonymous_0)
DA:1,1
DA:2,1
DA:4,1
DA:6,1
DA:7,0
DA:20,0
DA:23,1
LF:7
LH:5
BRF:0
BRH:0
end_of_record
